<testsuites id="" name="" tests="5" failures="1" skipped="4" errors="0" time="11.294776000022889">
<testsuite name="home/home-page.spec.ts" timestamp="1668639947949" hostname="" tests="5" failures="1" skipped="4" time="10.086" errors="0">
<testcase name="Home page go to &quot;Contact Us&quot; @singular" classname="[chromium] › home/home-page.spec.ts › Home page › go to &quot;Contact Us&quot; @singular" time="10.086">
<failure message="home-page.spec.ts:9:3 go to &quot;Contact Us&quot; @singular" type="FAILURE">
<![CDATA[  [chromium] › home/home-page.spec.ts:9:3 › Home page › go to "Contact Us" @singular ===============

    Error: Invalid parameter: password is "undefined"

       at ../../utils/test-utils.ts:116

      114 | export async function fillSitePassword(page: Page, password = SITE_PASSWORD): Promise<void> {
      115 |   if (password == null) {
    > 116 |     throw Error(`Invalid parameter: password is "${SITE_PASSWORD}"`);
          |           ^
      117 |   }
      118 |   await page.locator('input[type="password"]').fill(password);
      119 |   await Promise.all([page.waitForNavigation(), page.locator('button >> text=Submit').click()]);

        at fillSitePassword (/Users/juan_herrera1/Documents/Broad Code/ddp-angular/playwright-e2e/utils/test-utils.ts:116:11)
        at Object.homePage [as fn] (/Users/juan_herrera1/Documents/Broad Code/ddp-angular/playwright-e2e/fixtures/singular-fixture.ts:31:11)

    attachment #1: video (video/webm) --------------------------------------------------------------
    test-results/home-home-page-Home-page-go-to-Contact-Us-singular-chromium/video.webm
    ------------------------------------------------------------------------------------------------

    attachment #2: trace (application/zip) ---------------------------------------------------------
    test-results/home-home-page-Home-page-go-to-Contact-Us-singular-chromium/trace.zip
    Usage:

        npx playwright show-trace test-results/home-home-page-Home-page-go-to-Contact-Us-singular-chromium/trace.zip

    ------------------------------------------------------------------------------------------------

    attachment #3: screenshot (image/png) ----------------------------------------------------------
    test-results/home-home-page-Home-page-go-to-Contact-Us-singular-chromium/test-failed-1.png
    ------------------------------------------------------------------------------------------------
]]>
</failure>
<system-out>
<![CDATA[
[[ATTACHMENT|test-results/home-home-page-Home-page-go-to-Contact-Us-singular-chromium/video.webm]]

[[ATTACHMENT|test-results/home-home-page-Home-page-go-to-Contact-Us-singular-chromium/trace.zip]]

[[ATTACHMENT|test-results/home-home-page-Home-page-go-to-Contact-Us-singular-chromium/test-failed-1.png]]
]]>
</system-out>
</testcase>
<testcase name="Home page go to &quot;Study Progress&quot; @singular" classname="[chromium] › home/home-page.spec.ts › Home page › go to &quot;Study Progress&quot; @singular" time="0">
<skipped>
</skipped>
</testcase>
<testcase name="Home page go to &quot;FAQs&quot; @singular" classname="[chromium] › home/home-page.spec.ts › Home page › go to &quot;FAQs&quot; @singular" time="0">
<skipped>
</skipped>
</testcase>
<testcase name="Home page go to &quot;For Researchers&quot; @singular" classname="[chromium] › home/home-page.spec.ts › Home page › go to &quot;For Researchers&quot; @singular" time="0">
<skipped>
</skipped>
</testcase>
<testcase name="Home page go to &quot;For Clinicians&quot; @singular" classname="[chromium] › home/home-page.spec.ts › Home page › go to &quot;For Clinicians&quot; @singular" time="0">
<skipped>
</skipped>
</testcase>
</testsuite>
</testsuites>